android/app/build/intermediates/manifest_merge_blame_file/release/manifest-merger-blame-release-report.txt
1<?xml version="1.0" encoding="utf-8"?>
2<manifest xmlns:android="http://schemas.android.com/apk/res/android"
3    package="com.srilalitha"
4    android:versionCode="1"
5    android:versionName="1.0" >
6
7    <uses-sdk
8        android:minSdkVersion="21"
8-->src/main/AndroidManifest.xml
9        android:targetSdkVersion="31" />
9-->src/main/AndroidManifest.xml
10
11    <uses-permission android:name="android.permission.INTERNET" />
11-->src/main/AndroidManifest.xml:4:5-67
11-->src/main/AndroidManifest.xml:4:22-64
12    <uses-permission android:name="android.permission.ACCESS_NETWORK_STATE" />
12-->src/main/AndroidManifest.xml:5:5-79
12-->src/main/AndroidManifest.xml:5:22-76
13    <uses-permission android:name="android.permission.CAMERA" />
13-->src/main/AndroidManifest.xml:6:5-64
13-->src/main/AndroidManifest.xml:6:22-62
14    <uses-permission android:name="android.permission.WRITE_EXTERNAL_STORAGE" />
14-->src/main/AndroidManifest.xml:7:5-80
14-->src/main/AndroidManifest.xml:7:22-78
15    <uses-permission android:name="android.permission.READ_EXTERNAL_STORAGE" />
15-->src/main/AndroidManifest.xml:8:5-79
15-->src/main/AndroidManifest.xml:8:22-77
16
17    <uses-feature
17-->src/main/AndroidManifest.xml:9:5-85
18        android:name="android.hardware.camera"
18-->src/main/AndroidManifest.xml:9:19-57
19        android:required="false" />
19-->src/main/AndroidManifest.xml:9:58-82
20    <uses-feature
20-->src/main/AndroidManifest.xml:10:5-91
21        android:name="android.hardware.camera.front"
21-->src/main/AndroidManifest.xml:10:19-63
22        android:required="false" />
22-->src/main/AndroidManifest.xml:10:64-88
23
24    <queries>
24-->[:react-native-image-crop-picker] AndroidManifest.xml:9:5-13:15
25        <intent>
25-->[:react-native-image-crop-picker] AndroidManifest.xml:10:9-12:18
26            <action android:name="android.media.action.IMAGE_CAPTURE" />
26-->[:react-native-image-crop-picker] AndroidManifest.xml:11:13-73
26-->[:react-native-image-crop-picker] AndroidManifest.xml:11:21-70
27        </intent>
28    </queries>
29
30    <application
30-->src/main/AndroidManifest.xml:12:5-33:19
31        android:name="com.srilalitha.MainApplication"
31-->src/main/AndroidManifest.xml:13:7-38
32        android:allowBackup="false"
32-->src/main/AndroidManifest.xml:17:7-34
33        android:appComponentFactory="androidx.core.app.CoreComponentFactory"
33-->[androidx.core:core:1.7.0] AndroidManifest.xml:24:18-86
34        android:icon="@mipmap/ic_launcher"
34-->src/main/AndroidManifest.xml:15:7-41
35        android:label="@string/app_name"
35-->src/main/AndroidManifest.xml:14:7-39
36        android:roundIcon="@mipmap/ic_launcher_round"
36-->src/main/AndroidManifest.xml:16:7-52
37        android:theme="@style/AppTheme"
37-->src/main/AndroidManifest.xml:19:7-38
38        android:usesCleartextTraffic="true" >
38-->src/main/AndroidManifest.xml:18:7-42
39        <activity
39-->src/main/AndroidManifest.xml:20:7-32:18
40            android:name="com.srilalitha.MainActivity"
40-->src/main/AndroidManifest.xml:21:9-37
41            android:configChanges="keyboard|keyboardHidden|orientation|screenLayout|screenSize|smallestScreenSize|uiMode"
41-->src/main/AndroidManifest.xml:23:9-118
42            android:exported="true"
42-->src/main/AndroidManifest.xml:27:9-32
43            android:label="@string/app_name"
43-->src/main/AndroidManifest.xml:22:9-41
44            android:launchMode="singleTask"
44-->src/main/AndroidManifest.xml:24:9-40
45            android:usesCleartextTraffic="true"
45-->src/main/AndroidManifest.xml:25:9-44
46            android:windowSoftInputMode="adjustResize" >
46-->src/main/AndroidManifest.xml:26:9-51
47            <intent-filter>
47-->src/main/AndroidManifest.xml:28:9-31:25
48                <action android:name="android.intent.action.MAIN" />
48-->src/main/AndroidManifest.xml:29:13-65
48-->src/main/AndroidManifest.xml:29:21-62
49
50                <category android:name="android.intent.category.LAUNCHER" />
50-->src/main/AndroidManifest.xml:30:13-73
50-->src/main/AndroidManifest.xml:30:23-70
51            </intent-filter>
52        </activity>
53
54        <provider
54-->[:react-native-image-crop-picker] AndroidManifest.xml:18:9-26:20
55            android:name="androidx.core.content.FileProvider"
55-->[:react-native-image-crop-picker] AndroidManifest.xml:19:13-62
56            android:authorities="com.srilalitha.provider"
56-->[:react-native-image-crop-picker] AndroidManifest.xml:20:13-60
57            android:exported="false"
57-->[:react-native-image-crop-picker] AndroidManifest.xml:21:13-37
58            android:grantUriPermissions="true" >
58-->[:react-native-image-crop-picker] AndroidManifest.xml:22:13-47
59            <meta-data
59-->[:react-native-image-crop-picker] AndroidManifest.xml:23:13-25:58
60                android:name="android.support.FILE_PROVIDER_PATHS"
60-->[:react-native-image-crop-picker] AndroidManifest.xml:24:17-67
61                android:resource="@xml/provider_paths" />
61-->[:react-native-image-crop-picker] AndroidManifest.xml:25:17-55
62        </provider>
63
64        <activity
64-->[:react-native-image-crop-picker] AndroidManifest.xml:28:9-30:72
65            android:name="com.yalantis.ucrop.UCropActivity"
65-->[:react-native-image-crop-picker] AndroidManifest.xml:29:13-60
66            android:theme="@style/Theme.AppCompat.Light.NoActionBar" />
66-->[:react-native-image-crop-picker] AndroidManifest.xml:30:13-69
67
68        <provider
68-->[androidx.emoji2:emoji2:1.0.0] AndroidManifest.xml:26:9-34:20
69            android:name="androidx.startup.InitializationProvider"
69-->[androidx.emoji2:emoji2:1.0.0] AndroidManifest.xml:27:13-67
70            android:authorities="com.srilalitha.androidx-startup"
70-->[androidx.emoji2:emoji2:1.0.0] AndroidManifest.xml:28:13-68
71            android:exported="false" >
71-->[androidx.emoji2:emoji2:1.0.0] AndroidManifest.xml:29:13-37
72            <meta-data
72-->[androidx.emoji2:emoji2:1.0.0] AndroidManifest.xml:31:13-33:52
73                android:name="androidx.emoji2.text.EmojiCompatInitializer"
73-->[androidx.emoji2:emoji2:1.0.0] AndroidManifest.xml:32:17-75
74                android:value="androidx.startup" />
74-->[androidx.emoji2:emoji2:1.0.0] AndroidManifest.xml:33:17-49
75            <meta-data
75-->[androidx.lifecycle:lifecycle-process:2.4.0] AndroidManifest.xml:31:13-33:52
76                android:name="androidx.lifecycle.ProcessLifecycleInitializer"
76-->[androidx.lifecycle:lifecycle-process:2.4.0] AndroidManifest.xml:32:17-78
77                android:value="androidx.startup" />
77-->[androidx.lifecycle:lifecycle-process:2.4.0] AndroidManifest.xml:33:17-49
78        </provider>
79    </application>
80
81</manifest>